Using pre-set license
Built from '2020.3/staging' branch; Version is '2020.3.22f1 (e1a7f79fd887) revision 14788599'; Using compiler version '192528614'; Build Type 'Release'
OS: 'Windows 10 Pro; OS build 19043.1288; Version 2009; 64bit' Language: 'de' Physical Memory: 16332 MB
BatchMode: 1, IsHumanControllingUs: 0, StartBugReporterOnCrash: 0, Is64bit: 1, IsPro: 0

COMMAND LINE ARGUMENTS:
G:\MD\UnityHub\Editor\2020.3.22f1\Editor\Unity.exe
-adb2
-batchMode
-noUpm
-name
AssetImportWorker0
-projectPath
G:/MD/Hochschuldidaktik/Unity/VRTest
-logFile
Logs/AssetImportWorker0.log
-srvPort
56821
Successfully changed project path to: G:/MD/Hochschuldidaktik/Unity/VRTest
G:/MD/Hochschuldidaktik/Unity/VRTest
Using Asset Import Pipeline V2.
Refreshing native plugins compatible for Editor in 97.46 ms, found 19 plugins.
Preloading 2 native plugins for Editor in 3.43 ms.
Initialize engine version: 2020.3.22f1 (e1a7f79fd887)
[Subsystems] Discovering subsystems at path G:/MD/UnityHub/Editor/2020.3.22f1/Editor/Data/Resources/UnitySubsystems
[Subsystems] Discovering subsystems at path G:/MD/Hochschuldidaktik/Unity/VRTest/Assets
GfxDevice: creating device client; threaded=0
Direct3D:
    Version:  Direct3D 11.0 [level 11.1]
    Renderer: AMD Radeon RX 5700 (ID=0x731f)
    Vendor:   
    VRAM:     8151 MB
    Driver:   30.0.13025.5005
Initialize mono
Mono path[0] = 'G:/MD/UnityHub/Editor/2020.3.22f1/Editor/Data/Managed'
Mono path[1] = 'G:/MD/UnityHub/Editor/2020.3.22f1/Editor/Data/MonoBleedingEdge/lib/mono/unityjit'
Mono config path = 'G:/MD/UnityHub/Editor/2020.3.22f1/Editor/Data/MonoBleedingEdge/etc'
Using monoOptions --debugger-agent=transport=dt_socket,embedding=1,server=y,suspend=n,address=127.0.0.1:56168
Begin MonoManager ReloadAssembly
Registering precompiled unity dll's ...
Register platform support module: G:/MD/UnityHub/Editor/2020.3.22f1/Editor/Data/PlaybackEngines/WindowsStandaloneSupport/UnityEditor.WindowsStandalone.Extensions.dll
Registered in 0.001194 seconds.
Native extension for WindowsStandalone target not found
Refreshing native plugins compatible for Editor in 80.65 ms, found 19 plugins.
Preloading 2 native plugins for Editor in 0.13 ms.
Mono: successfully reloaded assembly
- Completed reload, in  1.127 seconds
Domain Reload Profiling:
	ReloadAssembly (1127ms)
		BeginReloadAssembly (59ms)
			ExecutionOrderSort (0ms)
			DisableScriptedObjects (0ms)
			BackupInstance (0ms)
			ReleaseScriptingObjects (0ms)
			CreateAndSetChildDomain (1ms)
		EndReloadAssembly (608ms)
			LoadAssemblies (58ms)
			RebuildTransferFunctionScriptingTraits (0ms)
			SetupTypeCache (186ms)
			ReleaseScriptCaches (0ms)
			RebuildScriptCaches (44ms)
			SetupLoadedEditorAssemblies (242ms)
				LogAssemblyErrors (0ms)
				InitializePlatformSupportModulesInManaged (6ms)
				SetLoadedEditorAssemblies (0ms)
				RefreshPlugins (81ms)
				BeforeProcessingInitializeOnLoad (20ms)
				ProcessInitializeOnLoadAttributes (99ms)
				ProcessInitializeOnLoadMethodAttributes (35ms)
				AfterProcessingInitializeOnLoad (0ms)
				EditorAssembliesLoaded (0ms)
			ExecutionOrderSort2 (0ms)
			AwakeInstancesAfterBackupRestoration (0ms)
Platform modules already initialized, skipping
Registering precompiled user dll's ...
Registered in 0.011308 seconds.
Begin MonoManager ReloadAssembly
Native extension for WindowsStandalone target not found
Refreshing native plugins compatible for Editor in 75.03 ms, found 19 plugins.
Preloading 2 native plugins for Editor in 0.14 ms.
Added DLL directory G:\MD\Hochschuldidaktik\Unity\VRTest\Library\PackageCache\com.microsoft.mixedreality.input@3257815bee0c-1636495983783\Plugins\Windows\x64 to the user search path.
UnityEngine.StackTraceUtility:ExtractStackTrace ()
UnityEngine.DebugLogHandler:LogFormat (UnityEngine.LogType,UnityEngine.Object,string,object[])
UnityEngine.Logger:Log (UnityEngine.LogType,object)
UnityEngine.Debug:Log (object)
Microsoft.MixedReality.Input.Init:.cctor () (at Library/PackageCache/com.microsoft.mixedreality.input@3257815bee0c-1636495983783/Editor/Microsoft.MixedReality.Input.Init.cs:88)
System.Runtime.CompilerServices.RuntimeHelpers:RunClassConstructor (System.RuntimeTypeHandle)
UnityEditor.EditorAssemblies:ProcessInitializeOnLoadAttributes (System.Type[])

(Filename: Library/PackageCache/com.microsoft.mixedreality.input@3257815bee0c-1636495983783/Editor/Microsoft.MixedReality.Input.Init.cs Line: 88)

[XR] OculusXRPlugin: registering subsystems
[XR] Unable to register display lifecyle provider: [1]
[XR] Oculus Input lifecycle provider registered.
[XR] Unable to register input lifecyle provider: [1]
System.Reflection.TargetInvocationException: Exception has been thrown by the target of an invocation. ---> System.NullReferenceException: Object reference not set to an instance of an object
  at Unity.XR.Oculus.OculusLoader.AssetPathToAbsolutePath (System.String assetPath) [0x00048] in G:\MD\Hochschuldidaktik\Unity\VRTest\Library\PackageCache\com.unity.xr.oculus@1.10.0\Runtime\OculusLoader.cs:250 
  at Unity.XR.Oculus.OculusLoader.EditorLoadOVRPlugin () [0x0007b] in G:\MD\Hochschuldidaktik\Unity\VRTest\Library\PackageCache\com.unity.xr.oculus@1.10.0\Runtime\OculusLoader.cs:235 
  at (wrapper managed-to-native) System.Reflection.MonoMethod.InternalInvoke(System.Reflection.MonoMethod,object,object[],System.Exception&)
  at System.Reflection.MonoMethod.Invoke (System.Object obj, System.Reflection.BindingFlags invokeAttr, System.Reflection.Binder binder, System.Object[] parameters, System.Globalization.CultureInfo culture) [0x00032] in <695d1cc93cca45069c528c15c9fdd749>:0 
   --- End of inner exception stack trace ---
  at System.Reflection.MonoMethod.Invoke (System.Object obj, System.Reflection.BindingFlags invokeAttr, System.Reflection.Binder binder, System.Object[] parameters, System.Globalization.CultureInfo culture) [0x00048] in <695d1cc93cca45069c528c15c9fdd749>:0 
  at System.Reflection.MethodBase.Invoke (System.Object obj, System.Object[] parameters) [0x00000] in <695d1cc93cca45069c528c15c9fdd749>:0 
  at UnityEditor.EditorAssemblies.ProcessInitializeOnLoadMethodAttributes () [0x00047] in <2cd7ebc9c2ef4276a8edbc7de85c89ce>:0 
UnityEngine.StackTraceUtility:ExtractStackTrace ()
UnityEngine.DebugLogHandler:LogFormat (UnityEngine.LogType,UnityEngine.Object,string,object[])
UnityEngine.Logger:Log (UnityEngine.LogType,object)
UnityEngine.Debug:LogError (object)
UnityEditor.EditorAssemblies:ProcessInitializeOnLoadMethodAttributes ()

Mono: successfully reloaded assembly
- Completed reload, in  1.709 seconds
Domain Reload Profiling:
	ReloadAssembly (1710ms)
		BeginReloadAssembly (181ms)
			ExecutionOrderSort (0ms)
			DisableScriptedObjects (6ms)
			BackupInstance (0ms)
			ReleaseScriptingObjects (0ms)
			CreateAndSetChildDomain (23ms)
		EndReloadAssembly (1457ms)
			LoadAssemblies (107ms)
			RebuildTransferFunctionScriptingTraits (0ms)
			SetupTypeCache (408ms)
			ReleaseScriptCaches (1ms)
			RebuildScriptCaches (73ms)
			SetupLoadedEditorAssemblies (703ms)
				LogAssemblyErrors (0ms)
				InitializePlatformSupportModulesInManaged (5ms)
				SetLoadedEditorAssemblies (0ms)
				RefreshPlugins (75ms)
				BeforeProcessingInitializeOnLoad (106ms)
				ProcessInitializeOnLoadAttributes (485ms)
				ProcessInitializeOnLoadMethodAttributes (28ms)
				AfterProcessingInitializeOnLoad (3ms)
				EditorAssembliesLoaded (0ms)
			ExecutionOrderSort2 (0ms)
			AwakeInstancesAfterBackupRestoration (8ms)
Platform modules already initialized, skipping
========================================================================
Worker process is ready to serve import requests
Launched and connected shader compiler UnityShaderCompiler.exe after 0.08 seconds
Refreshing native plugins compatible for Editor in 1.37 ms, found 19 plugins.
Preloading 2 native plugins for Editor in 0.13 ms.
Unloading 2815 Unused Serialized files (Serialized files now loaded: 0)
System memory in use before: 112.2 MB.
System memory in use after: 112.4 MB.

Unloading 49 unused Assets to reduce memory usage. Loaded Objects now: 3238.
Total: 5.221200 ms (FindLiveObjects: 0.368000 ms CreateObjectMapping: 0.096100 ms MarkObjects: 4.653800 ms  DeleteObjects: 0.101100 ms)

AssetImportParameters requested are different than current active one (requested -> active):
  custom:framework-win-MediaFoundation: 216162199b28c13a410421893ffa2e32 -> 
  custom:video-decoder-ogg-theora: a1e56fd34408186e4bbccfd4996cb3dc -> 
  custom:container-muxer-webm: aa71ff27fc2769a1b78a27578f13a17b -> 
  custom:container-demuxer-webm: 4f35f7cbe854078d1ac9338744f61a02 -> 
  custom:container-demuxer-ogg: 62fdf1f143b41e24485cea50d1cbac27 -> 
  custom:video-encoder-webm-vp8: eb34c28f22e8b96e1ab97ce403110664 -> 
  custom:video-decoder-webm-vp8: 9c59270c3fd7afecdb556c50c9e8de78 -> 
  custom:audio-decoder-ogg-vorbis: bf7c407c2cedff20999df2af8eb42d56 -> 
  custom:audio-encoder-webm-vorbis: bf7c407c2cedff20999df2af8eb42d56 -> 
========================================================================
Received Import Request.
  path: Assets
  artifactKey: Guid(00000000000000001000000000000000) Importer(815301076,1909f56bfc062723c751e8b465ee728b)
Start importing Assets using Guid(00000000000000001000000000000000) Importer(815301076,1909f56bfc062723c751e8b465ee728b)  -> (artifact id: '1a956ff0e83af221383b1bd8a5281aa6') in 0.014509 seconds 
  Import took 0.020750 seconds .

========================================================================
Received Import Request.
  Time since last request: 2.945716 seconds.
  path: Assets/Models
  artifactKey: Guid(ded9f0369d672484ea8020f3346fbe27) Importer(815301076,1909f56bfc062723c751e8b465ee728b)
Start importing Assets/Models using Guid(ded9f0369d672484ea8020f3346fbe27) Importer(815301076,1909f56bfc062723c751e8b465ee728b)  -> (artifact id: 'b7c3ce08a1f1acca828f891c46f35e90') in 0.008426 seconds 
  Import took 0.013209 seconds .

========================================================================
Received Import Request.
  Time since last request: 835.897076 seconds.
  path: Assets/HowToVr.md
  artifactKey: Guid(131d3b307520f9648992b4d42a4afa61) Importer(815301076,1909f56bfc062723c751e8b465ee728b)
Start importing Assets/HowToVr.md using Guid(131d3b307520f9648992b4d42a4afa61) Importer(815301076,1909f56bfc062723c751e8b465ee728b)  -> (artifact id: '604cfd31512a8b888fadecd367c9f358') in 0.044642 seconds 
  Import took 0.049445 seconds .

========================================================================
Received Import Request.
  Time since last request: 39.064401 seconds.
  path: Assets/HowToVR.rtf
  artifactKey: Guid(f9165ffa334c4c846964369f648632bf) Importer(815301076,1909f56bfc062723c751e8b465ee728b)
Start importing Assets/HowToVR.rtf using Guid(f9165ffa334c4c846964369f648632bf) Importer(815301076,1909f56bfc062723c751e8b465ee728b)  -> (artifact id: 'e8a6446674172068f7d70dbe6acf1415') in 0.013357 seconds 
  Import took 0.018127 seconds .

========================================================================
Received Import Request.
  Time since last request: 14.272850 seconds.
  path: Assets/HowToVR.rtf
  artifactKey: Guid(f9165ffa334c4c846964369f648632bf) Importer(815301076,1909f56bfc062723c751e8b465ee728b)
Start importing Assets/HowToVR.rtf using Guid(f9165ffa334c4c846964369f648632bf) Importer(815301076,1909f56bfc062723c751e8b465ee728b)  -> (artifact id: '2e0800b08e22c2b770cac1ad77417aef') in 0.002359 seconds 
  Import took 0.006993 seconds .

========================================================================
Received Import Request.
  Time since last request: 500.740552 seconds.
  path: Assets/HowToVr.md
  artifactKey: Guid(131d3b307520f9648992b4d42a4afa61) Importer(815301076,1909f56bfc062723c751e8b465ee728b)
Start importing Assets/HowToVr.md using Guid(131d3b307520f9648992b4d42a4afa61) Importer(815301076,1909f56bfc062723c751e8b465ee728b)  -> (artifact id: '271453af239ec550e55b9aae73ace5a1') in 0.002383 seconds 
  Import took 0.012202 seconds .

========================================================================
Received Import Request.
  Time since last request: 155.480870 seconds.
  path: Assets/HowToVr.md
  artifactKey: Guid(131d3b307520f9648992b4d42a4afa61) Importer(815301076,1909f56bfc062723c751e8b465ee728b)
Start importing Assets/HowToVr.md using Guid(131d3b307520f9648992b4d42a4afa61) Importer(815301076,1909f56bfc062723c751e8b465ee728b)  -> (artifact id: 'f5ef30613213e7ee2ff52d672573e228') in 0.002339 seconds 
  Import took 0.007195 seconds .

